# JRE version: Java(TM) SE Runtime Environment (8.0_231-b11) (build 1.8.0_231-b11)
# Java VM: Java HotSpot(TM) 64-Bit Server VM (25.231-b11 mixed mode windows-amd64 compressed oops)
Heap:
 PSYoungGen      total 217600K, used 217318K [0x00000000d5f80000, 0x00000000e4b80000, 0x0000000100000000)
  eden space 205824K, 100% used [0x00000000d5f80000,0x00000000e2880000,0x00000000e2880000)
  from space 11776K, 97% used [0x00000000e4000000,0x00000000e4b39b48,0x00000000e4b80000)
  to   space 15872K, 88% used [0x00000000e2c80000,0x00000000e3a2ef30,0x00000000e3c00000)
 ParOldGen       total 91648K, used 20101K [0x0000000081e00000, 0x0000000087780000, 0x00000000d5f80000)
  object space 91648K, 21% used [0x0000000081e00000,0x00000000831a1680,0x0000000087780000)
 Metaspace       used 43450K, capacity 45551K, committed 45824K, reserved 1089536K
  class space    used 5962K, capacity 6341K, committed 6400K, reserved 1048576K
GC Heap History (10 events):
Event: 4.749 GC heap after
Heap after GC invocations=8 (full 1):
 PSYoungGen      total 137728K, used 8176K [0x00000000d5f80000, 0x00000000e1300000, 0x0000000100000000)
  eden space 129536K, 0% used [0x00000000d5f80000,0x00000000d5f80000,0x00000000dde00000)
  from space 8192K, 99% used [0x00000000dde00000,0x00000000de5fc218,0x00000000de600000)
  to   space 10240K, 0% used [0x00000000e0900000,0x00000000e0900000,0x00000000e1300000)
 ParOldGen       total 55296K, used 9122K [0x0000000081e00000, 0x0000000085400000, 0x00000000d5f80000)
  object space 55296K, 16% used [0x0000000081e00000,0x00000000826e8ab0,0x0000000085400000)
 Metaspace       used 26341K, capacity 27314K, committed 27392K, reserved 1073152K
  class space    used 3566K, capacity 3796K, committed 3840K, reserved 1048576K
}
Event: 5.608 GC heap before
{Heap before GC invocations=9 (full 1):
 PSYoungGen      total 137728K, used 137712K [0x00000000d5f80000, 0x00000000e1300000, 0x0000000100000000)
  eden space 129536K, 100% used [0x00000000d5f80000,0x00000000dde00000,0x00000000dde00000)
  from space 8192K, 99% used [0x00000000dde00000,0x00000000de5fc218,0x00000000de600000)
  to   space 10240K, 0% used [0x00000000e0900000,0x00000000e0900000,0x00000000e1300000)
 ParOldGen       total 55296K, used 9122K [0x0000000081e00000, 0x0000000085400000, 0x00000000d5f80000)
  object space 55296K, 16% used [0x0000000081e00000,0x00000000826e8ab0,0x0000000085400000)
 Metaspace       used 30262K, capacity 31606K, committed 31872K, reserved 1077248K
  class space    used 4156K, capacity 4464K, committed 4480K, reserved 1048576K
Event: 5.626 GC heap after
Heap after GC invocations=9 (full 1):
 PSYoungGen      total 170496K, used 10226K [0x00000000d5f80000, 0x00000000e3c00000, 0x0000000100000000)
  eden space 160256K, 0% used [0x00000000d5f80000,0x00000000d5f80000,0x00000000dfc00000)
  from space 10240K, 99% used [0x00000000e0900000,0x00000000e12fc998,0x00000000e1300000)
  to   space 13312K, 0% used [0x00000000dfc00000,0x00000000dfc00000,0x00000000e0900000)
 ParOldGen       total 55296K, used 12658K [0x0000000081e00000, 0x0000000085400000, 0x00000000d5f80000)
  object space 55296K, 22% used [0x0000000081e00000,0x0000000082a5c988,0x0000000085400000)
 Metaspace       used 30262K, capacity 31606K, committed 31872K, reserved 1077248K
  class space    used 4156K, capacity 4464K, committed 4480K, reserved 1048576K
}
Event: 6.310 GC heap before
{Heap before GC invocations=10 (full 1):
 PSYoungGen      total 170496K, used 123141K [0x00000000d5f80000, 0x00000000e3c00000, 0x0000000100000000)
  eden space 160256K, 70% used [0x00000000d5f80000,0x00000000dcdc4a90,0x00000000dfc00000)
  from space 10240K, 99% used [0x00000000e0900000,0x00000000e12fc998,0x00000000e1300000)
  to   space 13312K, 0% used [0x00000000dfc00000,0x00000000dfc00000,0x00000000e0900000)
 ParOldGen       total 55296K, used 12658K [0x0000000081e00000, 0x0000000085400000, 0x00000000d5f80000)
  object space 55296K, 22% used [0x0000000081e00000,0x0000000082a5c988,0x0000000085400000)
 Metaspace       used 33911K, capacity 35419K, committed 35496K, reserved 1079296K
  class space    used 4611K, capacity 4915K, committed 4992K, reserved 1048576K
Event: 6.330 GC heap after
Heap after GC invocations=10 (full 1):
 PSYoungGen      total 173568K, used 13304K [0x00000000d5f80000, 0x00000000e4f80000, 0x0000000100000000)
  eden space 160256K, 0% used [0x00000000d5f80000,0x00000000d5f80000,0x00000000dfc00000)
  from space 13312K, 99% used [0x00000000dfc00000,0x00000000e08fe008,0x00000000e0900000)
  to   space 15872K, 0% used [0x00000000e4000000,0x00000000e4000000,0x00000000e4f80000)
 ParOldGen       total 55296K, used 14429K [0x0000000081e00000, 0x0000000085400000, 0x00000000d5f80000)
  object space 55296K, 26% used [0x0000000081e00000,0x0000000082c17400,0x0000000085400000)
 Metaspace       used 33911K, capacity 35419K, committed 35496K, reserved 1079296K
  class space    used 4611K, capacity 4915K, committed 4992K, reserved 1048576K
}
Event: 6.330 GC heap before
{Heap before GC invocations=11 (full 2):
 PSYoungGen      total 173568K, used 13304K [0x00000000d5f80000, 0x00000000e4f80000, 0x0000000100000000)
  eden space 160256K, 0% used [0x00000000d5f80000,0x00000000d5f80000,0x00000000dfc00000)
  from space 13312K, 99% used [0x00000000dfc00000,0x00000000e08fe008,0x00000000e0900000)
  to   space 15872K, 0% used [0x00000000e4000000,0x00000000e4000000,0x00000000e4f80000)
 ParOldGen       total 55296K, used 14429K [0x0000000081e00000, 0x0000000085400000, 0x00000000d5f80000)
  object space 55296K, 26% used [0x0000000081e00000,0x0000000082c17400,0x0000000085400000)
 Metaspace       used 33911K, capacity 35419K, committed 35496K, reserved 1079296K
  class space    used 4611K, capacity 4915K, committed 4992K, reserved 1048576K
Event: 6.433 GC heap after
Heap after GC invocations=11 (full 2):
 PSYoungGen      total 173568K, used 0K [0x00000000d5f80000, 0x00000000e4f80000, 0x0000000100000000)
  eden space 160256K, 0% used [0x00000000d5f80000,0x00000000d5f80000,0x00000000dfc00000)
  from space 13312K, 0% used [0x00000000dfc00000,0x00000000dfc00000,0x00000000e0900000)
  to   space 15872K, 0% used [0x00000000e4000000,0x00000000e4000000,0x00000000e4f80000)
 ParOldGen       total 91648K, used 20085K [0x0000000081e00000, 0x0000000087780000, 0x00000000d5f80000)
  object space 91648K, 21% used [0x0000000081e00000,0x000000008319d680,0x0000000087780000)
 Metaspace       used 33911K, capacity 35419K, committed 35496K, reserved 1079296K
  class space    used 4611K, capacity 4915K, committed 4992K, reserved 1048576K
}
Event: 7.933 GC heap before
{Heap before GC invocations=12 (full 2):
 PSYoungGen      total 173568K, used 160256K [0x00000000d5f80000, 0x00000000e4f80000, 0x0000000100000000)
  eden space 160256K, 100% used [0x00000000d5f80000,0x00000000dfc00000,0x00000000dfc00000)
  from space 13312K, 0% used [0x00000000dfc00000,0x00000000dfc00000,0x00000000e0900000)
  to   space 15872K, 0% used [0x00000000e4000000,0x00000000e4000000,0x00000000e4f80000)
 ParOldGen       total 91648K, used 20085K [0x0000000081e00000, 0x0000000087780000, 0x00000000d5f80000)
  object space 91648K, 21% used [0x0000000081e00000,0x000000008319d680,0x0000000087780000)
 Metaspace       used 38172K, capacity 40059K, committed 40192K, reserved 1083392K
  class space    used 5202K, capacity 5561K, committed 5632K, reserved 1048576K
Event: 7.945 GC heap after
Heap after GC invocations=12 (full 2):
 PSYoungGen      total 217600K, used 11494K [0x00000000d5f80000, 0x00000000e4b80000, 0x0000000100000000)
  eden space 205824K, 0% used [0x00000000d5f80000,0x00000000d5f80000,0x00000000e2880000)
  from space 11776K, 97% used [0x00000000e4000000,0x00000000e4b39b48,0x00000000e4b80000)
  to   space 15872K, 0% used [0x00000000e2c80000,0x00000000e2c80000,0x00000000e3c00000)
 ParOldGen       total 91648K, used 20093K [0x0000000081e00000, 0x0000000087780000, 0x00000000d5f80000)
  object space 91648K, 21% used [0x0000000081e00000,0x000000008319f680,0x0000000087780000)
 Metaspace       used 38172K, capacity 40059K, committed 40192K, reserved 1083392K
  class space    used 5202K, capacity 5561K, committed 5632K, reserved 1048576K
}
Event: 11.127 GC heap before
{Heap before GC invocations=13 (full 2):
 PSYoungGen      total 217600K, used 217318K [0x00000000d5f80000, 0x00000000e4b80000, 0x0000000100000000)
  eden space 205824K, 100% used [0x00000000d5f80000,0x00000000e2880000,0x00000000e2880000)
  from space 11776K, 97% used [0x00000000e4000000,0x00000000e4b39b48,0x00000000e4b80000)
  to   space 15872K, 0% used [0x00000000e2c80000,0x00000000e2c80000,0x00000000e3c00000)
 ParOldGen       total 91648K, used 20093K [0x0000000081e00000, 0x0000000087780000, 0x00000000d5f80000)
  object space 91648K, 21% used [0x0000000081e00000,0x000000008319f680,0x0000000087780000)
 Metaspace       used 43450K, capacity 45551K, committed 45824K, reserved 1089536K
  class space    used 5962K, capacity 6341K, committed 6400K, reserved 1048576K

